C51 COMPILER V9.59.0.0   ADC_LCD_MAIN                                                      11/03/2023 15:18:37 PAGE 1   


C51 COMPILER V9.59.0.0, COMPILATION OF MODULE ADC_LCD_MAIN
OBJECT MODULE PLACED IN .\Objects\ADC_LCD_main.obj
COMPILER INVOKED BY: C:\Keil_v5\C51\BIN\C51.EXE ADC_LCD_main.c OPTIMIZE(8,SPEED) BROWSE DEBUG OBJECTEXTEND PRINT(.\Listi
                    -ngs\ADC_LCD_main.lst) TABS(2) OBJECT(.\Objects\ADC_LCD_main.obj)

line level    source

   1          //including required libs
   2          #include"adc.h"
   3          
   4          void main()                               //main function (1-time exe.able)
   5          {
   6   1        pre_data();                             //calling pre_data function
   7   1        while(1)                                //forever loop (or we can use for(;;))
   8   1        {           
   9   2          ADC_display(ADC_read());              //calling ADC_display function having ADC_read function as parameter
  10   2        }
  11   1      }


MODULE INFORMATION:   STATIC OVERLAYABLE
   CODE SIZE        =     13    ----
   CONSTANT SIZE    =   ----    ----
   XDATA SIZE       =   ----    ----
   PDATA SIZE       =   ----    ----
   DATA SIZE        =   ----    ----
   IDATA SIZE       =   ----    ----
   BIT SIZE         =   ----    ----
END OF MODULE INFORMATION.


C51 COMPILATION COMPLETE.  0 WARNING(S),  0 ERROR(S)
