C51 COMPILER V9.59.0.0   LCD                                                               11/07/2023 10:12:43 PAGE 1   


C51 COMPILER V9.59.0.0, COMPILATION OF MODULE LCD
OBJECT MODULE PLACED IN .\Objects\lcd.obj
COMPILER INVOKED BY: C:\Keil_v5\C51\BIN\C51.EXE lcd.c OPTIMIZE(8,SPEED) BROWSE DEBUG OBJECTEXTEND PRINT(.\Listings\lcd.l
                    -st) TABS(2) OBJECT(.\Objects\lcd.obj)

line level    source

   1          //including header file of lcd "lcd.h and delay "delay.h"
   2          #include<reg51.h>
   3          #include"lcd.h"
   4          #include"delay.h"
   5          
   6          
   7          // init() function defination
   8          void init()                       
   9          {
  10   1        delay(5);                       // delay
  11   1        LCD_cmd(0x28);                  // 4 bit data (2 line)
  12   1        LCD_cmd(0x0C);                  // display on and curser off
  13   1        LCD_cmd(0x06);                  // entry mode
  14   1      }
  15          
  16          // LCD_cmd() function defination with one argument "cmd"
  17          void LCD_cmd(unsigned char cmd)
  18          {
  19   1        
  20   1        RS = 0;                         //the register select is in active low mode for command
  21   1        RW = 0;                         //open
  22   1        
  23   1        LCD_port = (cmd & 0xF0);        //assigning the value of cmd to  LCD_port
  24   1        EN = 1;                         //creating pluse for EN (high)
  25   1        delay(5);                       //delay for EN
  26   1        EN = 0;                         //creating pluse for EN (low)
  27   1        delay(5);                       //delay for EN
  28   1        
  29   1        LCD_port = ((cmd << 4) & 0xF0); //assigning the value of cmd to  LCD_port   (left shift by 4)
  30   1        EN = 1;                         //creating pluse for EN (high)
  31   1        delay(5);                       //delay for EN
  32   1        EN = 0;                         //creating pluse for EN (low)
  33   1        delay(5);                       //delay for EN
  34   1      }
  35          
  36          // LCD_data() function defination with one argument "dat"
  37          void LCD_data(unsigned char dat)
  38          {
  39   1        RS = 1;                         //the register select is in active high mode for data
  40   1        RW = 0;                         //open
  41   1        
  42   1        LCD_port = (dat & 0xF0);        //assigning the value of dat to  LCD_port
  43   1        EN = 1;                         //creating pluse for EN (high)
  44   1        delay(5);                       //delay for EN
  45   1        EN = 0;                         //creating pluse for EN (low)
  46   1        delay(5);                       //delay for EN
  47   1        
  48   1        LCD_port = ((dat << 4)& 0xF0);    //assigning the value of dat to  LCD_port    (left shift by 4)
  49   1        EN = 1;                         //creating pluse for EN (high)
  50   1        delay(5);                       //delay for EN
  51   1        EN = 0;                         //creating pluse for EN (low)
  52   1        delay(5);                       //delay for EN
  53   1      }
  54          
C51 COMPILER V9.59.0.0   LCD                                                               11/07/2023 10:12:43 PAGE 2   

  55          // LCD_string() function defination with one argument "*string"
  56          void LCD_string(unsigned char *string)
  57          {
  58   1        while(*string)
  59   1        {
  60   2          LCD_data(*string++);
  61   2        }
  62   1      }


MODULE INFORMATION:   STATIC OVERLAYABLE
   CODE SIZE        =    169    ----
   CONSTANT SIZE    =   ----    ----
   XDATA SIZE       =   ----    ----
   PDATA SIZE       =   ----    ----
   DATA SIZE        =   ----       5
   IDATA SIZE       =   ----    ----
   BIT SIZE         =   ----    ----
END OF MODULE INFORMATION.


C51 COMPILATION COMPLETE.  0 WARNING(S),  0 ERROR(S)
