C51 COMPILER V9.59.0.0   ADC                                                               11/04/2023 12:46:42 PAGE 1   


C51 COMPILER V9.59.0.0, COMPILATION OF MODULE ADC
OBJECT MODULE PLACED IN .\Objects\adc.obj
COMPILER INVOKED BY: C:\Keil_v5\C51\BIN\C51.EXE adc.c OPTIMIZE(8,SPEED) BROWSE DEBUG OBJECTEXTEND PRINT(.\Listings\adc.l
                    -st) TABS(2) OBJECT(.\Objects\adc.obj)

line level    source

   1          //including required libs
   2          #include"adc.h"
   3          #include"lcd.h"
   4          #include"delay.h"
   5          
   6          
   7          
   8          void pre_data()
   9          {
  10   1        init();                                 //calling init() function to activate the LCD
  11   1        LCD_cmd_data(0, 0x80);                          //calling LCD_cmd_data function row-1, col-0
  12   1        LCD_string("ADC = ");                   //calling LCD_string function 
  13   1        LCD_cmd_data(0, 0x89);                          //calling LCD_cmd_data function row-1, col-9
  14   1        LCD_cmd_data(1, 0xDF);                          //calling LCD_cmd_data function with the hex value of degree symbol
  15   1        LCD_cmd_data(1, 'C');                         //calling LCD_cmd_data function with 'C' argument
  16   1        
  17   1        LCD_cmd_data(0, 0xC2);                          //calling LCD_cmd_data function row-2, col-2
  18   1        LCD_string("ADITYA NIJAVE");            //calling LCD_string() function and passing string through it to displa
             -y on LCD
  19   1      }
  20          
  21          
  22          
  23          unsigned char ADC_read()                  //ADC_read() function defination
  24          {
  25   1          unsigned char ADC_value;              //ADC_value variable req. for ADC_port
  26   1        
  27   1          Rd = 1;                               //Read pin is high
  28   1          Wr = 0;                               //Write pin is low
  29   1          delay(1);                             //calling delay function which is used here to create pluse
  30   1          Wr = 1;                               //Write pin is high
  31   1          while(INTR == 1);                     //if INTR pin is 1 then conversion is in process and if INTR is 0 then conve
             -rsion is complate
  32   1          Rd = 0;                               //Read pin is low
  33   1        
  34   1          ADC_value = ADC_port;                 //assigning the value of ADC_port to ADC_value variable (who's range is fr
             -om 0 to 255)
  35   1          return ADC_value;
  36   1      }
  37          
  38          // cmd = 0 , data = 1
  39          void ADC_display(unsigned int ADC_value)  ////ADC_display() function defination with one paramter
  40          {
  41   1          LCD_cmd_data(0, 0x86);                        //calling LCD_cmd_data function row-1, col-6
  42   1          LCD_cmd_data(1, ((ADC_value / 100) + 48));      //calling LCD_cmd_data function to pass hundereds place int
             -eger 
  43   1          LCD_cmd_data(1, (((ADC_value%10)/10)+48));      //calling LCD_cmd_data function to pass tens place integer
  44   1          LCD_cmd_data(1, ((ADC_value & 10) + 48));     //calling LCD_cmd_data function to pass units place integer
  45   1      }


MODULE INFORMATION:   STATIC OVERLAYABLE
   CODE SIZE        =    153    ----
   CONSTANT SIZE    =     21    ----
C51 COMPILER V9.59.0.0   ADC                                                               11/04/2023 12:46:42 PAGE 2   

   XDATA SIZE       =   ----    ----
   PDATA SIZE       =   ----    ----
   DATA SIZE        =   ----       2
   IDATA SIZE       =   ----    ----
   BIT SIZE         =   ----    ----
END OF MODULE INFORMATION.


C51 COMPILATION COMPLETE.  0 WARNING(S),  0 ERROR(S)
