C51 COMPILER V9.59.0.0   ADC_LCD_MAIN_COMBINE                                              11/03/2023 13:48:21 PAGE 1   


C51 COMPILER V9.59.0.0, COMPILATION OF MODULE ADC_LCD_MAIN_COMBINE
OBJECT MODULE PLACED IN .\Objects\ADC_LCD_main_combine.obj
COMPILER INVOKED BY: C:\Keil_v5\C51\BIN\C51.EXE ADC_LCD_main_combine.c OPTIMIZE(8,SPEED) BROWSE DEBUG OBJECTEXTEND PRINT
                    -(.\Listings\ADC_LCD_main_combine.lst) TABS(2) OBJECT(.\Objects\ADC_LCD_main_combine.obj)

line level    source

   1          //including required libs
   2          #include<reg51.h>
   3          #include"lcd.h"
   4          #include"delay.h"
   5          
   6          //micro decleration
   7          #define ADC_port P2;
   8          
   9          //special function register
  10          //sfr ADC_port = 0xA0;
  11          
  12          //sbit decleration
  13          sbit Rd   = P1^3;                         //Read pin
  14          sbit Wr   = P1^4;                         //write pin
  15          sbit INTR = P1^5;                         //INTR pin
  16          
  17          
  18          void main()                               //main function (1time exe.able)
  19          {
  20   1        unsigned char ADC_value;                //ADC_value variable req. for ADC_port
  21   1        init();                                 //calling init() function to activate the LCD
  22   1        LCD_cmd(0x80);                          //calling LCD_cmd function row-1, col-0
  23   1        LCD_string("ADC = ");                   //calling LCD_string function 
  24   1        LCD_cmd(0x89);                          //calling LCD_cmd function row-1, col-9
  25   1        LCD_data(0xDF);                         //calling LCD_data function with the hex value of degree symbol
  26   1        LCD_data('C');                          //calling LCD_data function with 'C' argument
  27   1        
  28   1        LCD_cmd(0xC0);
  29   1        LCD_string("Aditya Nijave");
  30   1        
  31   1        while(1)                                //forever loop (or we can use for(;;))
  32   1        {
  33   2          Rd = 1;                               //Read pin is high
  34   2          Wr = 0;                               //Write pin is low
  35   2          delay(1);                             //calling delay function which is used here to create pluse
  36   2          Wr = 1;                               //Write pin is high
  37   2          while(INTR == 1);                     //if INTR pin is 1 then conversion is in process and if INTR is 0 then conve
             -rsion is complate
  38   2          Rd = 0;                               //Read pin is low
  39   2          
  40   2          ADC_value = ADC_port;                 //assigning the value of ADC_port to ADC_value variable (who's range is fr
             -om 0 to 255)
  41   2          
  42   2          LCD_cmd(0x86);                        //calling LCD_cmd function row-1, col-6
  43   2          LCD_data((ADC_value / 100) + 48);     //calling LCD_data function to pass hundereds place integer 
  44   2          LCD_data(((ADC_value%10)/10)+48);     //calling LCD_data function to pass tens place integer
  45   2          LCD_data((ADC_value & 10) + 48);      //calling LCD_data function to pass units place integer
  46   2        }
  47   1      }
  48          
  49          


MODULE INFORMATION:   STATIC OVERLAYABLE
C51 COMPILER V9.59.0.0   ADC_LCD_MAIN_COMBINE                                              11/03/2023 13:48:21 PAGE 2   

   CODE SIZE        =    114    ----
   CONSTANT SIZE    =     21    ----
   XDATA SIZE       =   ----    ----
   PDATA SIZE       =   ----    ----
   DATA SIZE        =   ----       1
   IDATA SIZE       =   ----    ----
   BIT SIZE         =   ----    ----
END OF MODULE INFORMATION.


C51 COMPILATION COMPLETE.  0 WARNING(S),  0 ERROR(S)
