C51 COMPILER V9.59.0.0   LCD                                                               11/10/2023 12:32:17 PAGE 1   


C51 COMPILER V9.59.0.0, COMPILATION OF MODULE LCD
OBJECT MODULE PLACED IN .\Objects\lcd.obj
COMPILER INVOKED BY: C:\Keil_v5\C51\BIN\C51.EXE lcd.c OPTIMIZE(8,SPEED) BROWSE DEBUG OBJECTEXTEND PRINT(.\Listings\lcd.l
                    -st) TABS(2) OBJECT(.\Objects\lcd.obj)

line level    source

   1          //including header file of lcd "lcd.h and delay "delay.h"
   2          #include<reg51.h>
   3          #include"lcd.h"
   4          #include"delay.h"
   5          
   6          
   7          // init() function defination
   8          void init()                       
   9          {
  10   1        
  11   1        delay(5);                       // delay
  12   1        LCD_cmd(0x28);                  // 4 bit data (2 line)
  13   1        LCD_cmd(0x0C);                  // display on and curser off
  14   1        LCD_cmd(0x06);                  // entry mode
  15   1      }
  16          
  17          // LCD_cmd() function defination with one argument "cmd"
  18          void LCD_cmd(unsigned char cmd)
  19          {
  20   1        
  21   1        RS = 0;                         //the register select is in active low mode for command
  22   1        RW = 0;                         //open
  23   1        
  24   1        LCD_port = (cmd & 0xF0);              //assigning the value of cmd to  LCD_port
  25   1        EN = 1;                         //creating pluse for EN (high)
  26   1        delay(5);                       //delay for EN
  27   1        EN = 0;                         //creating pluse for EN (low)
  28   1        delay(5);                       //delay for EN
  29   1        
  30   1        LCD_port = ((cmd << 4) & 0xF0);
  31   1        EN = 1;                         //creating pluse for EN (high)
  32   1        delay(5);                       //delay for EN
  33   1        EN = 0;                         //creating pluse for EN (low)
  34   1        delay(5);                       //delay for EN  
  35   1        
  36   1      }
  37          
  38          // LCD_data() function defination with one argument "dat"
  39          void LCD_data(unsigned char dat)
  40          {
  41   1        RS = 1;                         //the register select is in active high mode for data
  42   1        RW = 0;                         //open
  43   1        
  44   1        LCD_port = (dat & 0xF0);              //assigning the value of cmd to  LCD_port
  45   1        EN = 1;                         //creating pluse for EN (high)
  46   1        delay(5);                       //delay for EN
  47   1        EN = 0;                         //creating pluse for EN (low)
  48   1        delay(5);                       //delay for EN
  49   1        
  50   1        LCD_port = ((dat << 4) & 0xF0);
  51   1        EN = 1;                         //creating pluse for EN (high)
  52   1        delay(5);                       //delay for EN
  53   1        EN = 0;                         //creating pluse for EN (low)
  54   1        delay(5);                       //delay for EN
C51 COMPILER V9.59.0.0   LCD                                                               11/10/2023 12:32:17 PAGE 2   

  55   1      
  56   1      }
  57          
  58          // LCD_string() function defination with one argument "*string"
  59          void LCD_string(unsigned char *string)
  60          {
  61   1        while(*string)
  62   1        {
  63   2          LCD_data(*string++);
  64   2        }
  65   1      }


MODULE INFORMATION:   STATIC OVERLAYABLE
   CODE SIZE        =    169    ----
   CONSTANT SIZE    =   ----    ----
   XDATA SIZE       =   ----    ----
   PDATA SIZE       =   ----    ----
   DATA SIZE        =   ----       5
   IDATA SIZE       =   ----    ----
   BIT SIZE         =   ----    ----
END OF MODULE INFORMATION.


C51 COMPILATION COMPLETE.  0 WARNING(S),  0 ERROR(S)
